#
# There is insufficient memory for the Java Runtime Environment to continue.
# Native memory allocation (malloc) failed to allocate 2367536 bytes for Chunk::new
# Possible reasons:
#   The system is out of physical RAM or swap space
#   The process is running with CompressedOops enabled, and the Java Heap may be blocking the growth of the native heap
# Possible solutions:
#   Reduce memory load on the system
#   Increase physical memory or swap space
#   Check if swap backing store is full
#   Decrease Java heap size (-Xmx/-Xms)
#   Decrease number of Java threads
#   Decrease Java thread stack sizes (-Xss)
#   Set larger code cache with -XX:ReservedCodeCacheSize=
#   JVM is running with Unscaled Compressed Oops mode in which the Java heap is
#     placed in the first 4GB address space. The Java Heap base address is the
#     maximum limit for the native heap growth. Please use -XX:HeapBaseMinAddress
#     to set the Java Heap base and to place the Java Heap above 4GB virtual address.
# This output file may be truncated or incomplete.
#
#  Out of Memory Error (arena.cpp:189), pid=8984, tid=11888
#
# JRE version: OpenJDK Runtime Environment (17.0.6) (build 17.0.6+0-b2043.56-10027231)
# Java VM: OpenJDK 64-Bit Server VM (17.0.6+0-b2043.56-10027231, mixed mode, tiered, compressed oops, compressed class ptrs, g1 gc, windows-amd64)
# No core dump will be written. Minidumps are not enabled by default on client versions of Windows
#

---------------  S U M M A R Y ------------

Command Line: org.jetbrains.kotlin.cli.jvm.K2JVMCompiler @C:\Users\DELL\AndroidStudioProjects\Google\app\build\20231201_9941840418879877102.compiler.options

Host: Intel(R) Core(TM) i3-1005G1 CPU @ 1.20GHz, 4 cores, 3G,  Windows 11 , 64 bit Build 25947 (10.0.25947.1000)
Time: Fri Dec  1 00:40:40 2023 India Standard Time elapsed time: 94.894200 seconds (0d 0h 1m 34s)

---------------  T H R E A D  ---------------

Current thread (0x000001f67ed245f0):  JavaThread "C2 CompilerThread0" daemon [_thread_in_native, id=11888, stack(0x000000046e900000,0x000000046ea00000)]


Current CompileTask:
C2:  94894 5811       4       org.jetbrains.kotlin.load.java.structure.impl.classFiles.BinaryJavaMethodBase$Companion::create (572 bytes)

Stack: [0x000000046e900000,0x000000046ea00000]
Native frames: (J=compiled Java code, j=interpreted, Vv=VM code, C=native code)
V  [jvm.dll+0x683c9a]
V  [jvm.dll+0x8427a4]
V  [jvm.dll+0x843f9e]
V  [jvm.dll+0x844603]
V  [jvm.dll+0x249b75]
V  [jvm.dll+0xabcac]
V  [jvm.dll+0xac27c]
V  [jvm.dll+0x368802]
V  [jvm.dll+0x332f31]
V  [jvm.dll+0x3323da]
V  [jvm.dll+0x21c201]
V  [jvm.dll+0x21b621]
V  [jvm.dll+0x1a4fdd]
V  [jvm.dll+0x22b098]
V  [jvm.dll+0x229159]
V  [jvm.dll+0x7f81ec]
V  [jvm.dll+0x7f274a]
V  [jvm.dll+0x682ad5]
C  [ucrtbase.dll+0x60690]
C  [KERNEL32.DLL+0x11f87]
C  [ntdll.dll+0x6b5b0]


---------------  P R O C E S S  ---------------

Threads class SMR info:
_java_thread_list=0x000001f67f91d380, length=12, elements={
0x000001f674c8a7b0, 0x000001f67eccc750, 0x000001f67eccde70, 0x000001f67ed1da30,
0x000001f67ed204f0, 0x000001f67ed20ea0, 0x000001f67ed23860, 0x000001f67ed245f0,
0x000001f67f853f70, 0x000001f67f857ba0, 0x000001f67f943390, 0x000001f67f963020
}

Java Threads: ( => current thread )
  0x000001f674c8a7b0 JavaThread "main" [_thread_blocked, id=3840, stack(0x000000046db00000,0x000000046dc00000)]
  0x000001f67eccc750 JavaThread "Reference Handler" daemon [_thread_blocked, id=4780, stack(0x000000046e300000,0x000000046e400000)]
  0x000001f67eccde70 JavaThread "Finalizer" daemon [_thread_blocked, id=12068, stack(0x000000046e400000,0x000000046e500000)]
  0x000001f67ed1da30 JavaThread "Signal Dispatcher" daemon [_thread_blocked, id=10268, stack(0x000000046e500000,0x000000046e600000)]
  0x000001f67ed204f0 JavaThread "Attach Listener" daemon [_thread_blocked, id=5400, stack(0x000000046e600000,0x000000046e700000)]
  0x000001f67ed20ea0 JavaThread "Service Thread" daemon [_thread_blocked, id=10320, stack(0x000000046e700000,0x000000046e800000)]
  0x000001f67ed23860 JavaThread "Monitor Deflation Thread" daemon [_thread_blocked, id=7436, stack(0x000000046e800000,0x000000046e900000)]
=>0x000001f67ed245f0 JavaThread "C2 CompilerThread0" daemon [_thread_in_native, id=11888, stack(0x000000046e900000,0x000000046ea00000)]
  0x000001f67f853f70 JavaThread "C1 CompilerThread0" daemon [_thread_blocked, id=8052, stack(0x000000046ea00000,0x000000046eb00000)]
  0x000001f67f857ba0 JavaThread "Sweeper thread" daemon [_thread_blocked, id=11404, stack(0x000000046eb00000,0x000000046ec00000)]
  0x000001f67f943390 JavaThread "Notification Thread" daemon [_thread_blocked, id=8388, stack(0x000000046ec00000,0x000000046ed00000)]
  0x000001f67f963020 JavaThread "Common-Cleaner" daemon [_thread_blocked, id=2052, stack(0x000000046ee00000,0x000000046ef00000)]

Other Threads:
  0x000001f67700d760 VMThread "VM Thread" [stack: 0x000000046e200000,0x000000046e300000] [id=8864]
  0x000001f67f943860 WatcherThread [stack: 0x000000046ed00000,0x000000046ee00000] [id=1680]
  0x000001f676f85e40 GCTaskThread "GC Thread#0" [stack: 0x000000046dd00000,0x000000046de00000] [id=2416]
  0x000001f60f073c50 GCTaskThread "GC Thread#1" [stack: 0x000000046ef00000,0x000000046f000000] [id=7276]
  0x000001f60f131010 GCTaskThread "GC Thread#2" [stack: 0x000000046f000000,0x000000046f100000] [id=11504]
  0x000001f60f1312c0 GCTaskThread "GC Thread#3" [stack: 0x000000046f100000,0x000000046f200000] [id=10176]
  0x000001f676f8f650 ConcurrentGCThread "G1 Main Marker" [stack: 0x000000046de00000,0x000000046df00000] [id=5500]
  0x000001f676f90d30 ConcurrentGCThread "G1 Conc#0" [stack: 0x000000046df00000,0x000000046e000000] [id=10752]
  0x000001f676fcdf80 ConcurrentGCThread "G1 Refine#0" [stack: 0x000000046e000000,0x000000046e100000] [id=3748]
  0x000001f6117e0ca0 ConcurrentGCThread "G1 Refine#1" [stack: 0x000000046f200000,0x000000046f300000] [id=10844]
  0x000001f676fcf670 ConcurrentGCThread "G1 Service" [stack: 0x000000046e100000,0x000000046e200000] [id=5508]

Threads with active compile tasks:
C2 CompilerThread0    95174 5811       4       org.jetbrains.kotlin.load.java.structure.impl.classFiles.BinaryJavaMethodBase$Companion::create (572 bytes)
C1 CompilerThread0    95174 5878       3       org.jetbrains.kotlin.resolve.lazy.descriptors.LazyClassMemberScope::generateFakeOverrides (429 bytes)

VM state: at safepoint (normal execution)

VM Mutex/Monitor currently owned by a thread:  ([mutex/lock_event])
[0x000001f676f49030] Threads_lock - owner thread: 0x000001f67700d760
[0x000001f676f4a470] Heap_lock - owner thread: 0x000001f674c8a7b0

Heap address: 0x00000000c3a00000, size: 966 MB, Compressed Oops mode: 32-bit

CDS archive(s) not mapped
Compressed class space mapped at: 0x0000000100000000-0x0000000140000000, reserved size: 1073741824
Narrow klass base: 0x0000000000000000, Narrow klass shift: 3, Narrow klass range: 0x140000000

GC Precious Log:
 CPUs: 4 total, 4 available
 Memory: 3863M
 Large Page Support: Disabled
 NUMA Support: Disabled
 Compressed Oops: Enabled (32-bit)
 Heap Region Size: 1M
 Heap Min Capacity: 8M
 Heap Initial Capacity: 62M
 Heap Max Capacity: 966M
 Pre-touch: Disabled
 Parallel Workers: 4
 Concurrent Workers: 1
 Concurrent Refinement Workers: 4
 Periodic GC: Disabled

Heap:
 garbage-first heap   total 76800K, used 49353K [0x00000000c3a00000, 0x0000000100000000)
  region size 1024K, 2 young (2048K), 2 survivors (2048K)
 Metaspace       used 53162K, committed 53440K, reserved 1097728K
  class space    used 6237K, committed 6400K, reserved 1048576K

Heap Regions: E=young(eden), S=young(survivor), O=old, HS=humongous(starts), HC=humongous(continues), CS=collection set, F=free, OA=open archive, CA=closed archive, TAMS=top-at-mark-start (previous, next)
|   0|0x00000000c3a00000, 0x00000000c3b00000, 0x00000000c3b00000|100%|HS|  |TAMS 0x00000000c3b00000, 0x00000000c3b00000| Complete 
|   1|0x00000000c3b00000, 0x00000000c3c00000, 0x00000000c3c00000|100%|HC|  |TAMS 0x00000000c3c00000, 0x00000000c3c00000| Complete 
|   2|0x00000000c3c00000, 0x00000000c3d00000, 0x00000000c3d00000|100%|HC|  |TAMS 0x00000000c3d00000, 0x00000000c3d00000| Complete 
|   3|0x00000000c3d00000, 0x00000000c3e00000, 0x00000000c3e00000|100%|HC|  |TAMS 0x00000000c3e00000, 0x00000000c3e00000| Complete 
|   4|0x00000000c3e00000, 0x00000000c3f00000, 0x00000000c3f00000|100%| O|  |TAMS 0x00000000c3f00000, 0x00000000c3f00000| Untracked 
|   5|0x00000000c3f00000, 0x00000000c4000000, 0x00000000c4000000|100%| O|  |TAMS 0x00000000c4000000, 0x00000000c4000000| Untracked 
|   6|0x00000000c4000000, 0x00000000c4100000, 0x00000000c4100000|100%| O|  |TAMS 0x00000000c4100000, 0x00000000c4100000| Untracked 
|   7|0x00000000c4100000, 0x00000000c4200000, 0x00000000c4200000|100%|HS|  |TAMS 0x00000000c4200000, 0x00000000c4200000| Complete 
|   8|0x00000000c4200000, 0x00000000c4300000, 0x00000000c4300000|100%|HC|  |TAMS 0x00000000c4300000, 0x00000000c4300000| Complete 
|   9|0x00000000c4300000, 0x00000000c4400000, 0x00000000c4400000|100%|HC|  |TAMS 0x00000000c4400000, 0x00000000c4400000| Complete 
|  10|0x00000000c4400000, 0x00000000c4500000, 0x00000000c4500000|100%|HC|  |TAMS 0x00000000c4500000, 0x00000000c4500000| Complete 
|  11|0x00000000c4500000, 0x00000000c4600000, 0x00000000c4600000|100%| O|  |TAMS 0x00000000c4600000, 0x00000000c4600000| Untracked 
|  12|0x00000000c4600000, 0x00000000c4700000, 0x00000000c4700000|100%| O|  |TAMS 0x00000000c4700000, 0x00000000c4700000| Untracked 
|  13|0x00000000c4700000, 0x00000000c4800000, 0x00000000c4800000|100%| O|  |TAMS 0x00000000c4800000, 0x00000000c4800000| Untracked 
|  14|0x00000000c4800000, 0x00000000c4900000, 0x00000000c4900000|100%| O|  |TAMS 0x00000000c4900000, 0x00000000c4900000| Untracked 
|  15|0x00000000c4900000, 0x00000000c4a00000, 0x00000000c4a00000|100%| O|  |TAMS 0x00000000c4a00000, 0x00000000c4a00000| Untracked 
|  16|0x00000000c4a00000, 0x00000000c4b00000, 0x00000000c4b00000|100%| O|  |TAMS 0x00000000c4b00000, 0x00000000c4b00000| Untracked 
|  17|0x00000000c4b00000, 0x00000000c4c00000, 0x00000000c4c00000|100%| O|  |TAMS 0x00000000c4c00000, 0x00000000c4c00000| Untracked 
|  18|0x00000000c4c00000, 0x00000000c4d00000, 0x00000000c4d00000|100%| O|  |TAMS 0x00000000c4d00000, 0x00000000c4d00000| Untracked 
|  19|0x00000000c4d00000, 0x00000000c4e00000, 0x00000000c4e00000|100%| O|  |TAMS 0x00000000c4e00000, 0x00000000c4e00000| Untracked 
|  20|0x00000000c4e00000, 0x00000000c4f00000, 0x00000000c4f00000|100%| O|  |TAMS 0x00000000c4f00000, 0x00000000c4f00000| Untracked 
|  21|0x00000000c4f00000, 0x00000000c5000000, 0x00000000c5000000|100%| O|  |TAMS 0x00000000c5000000, 0x00000000c5000000| Untracked 
|  22|0x00000000c5000000, 0x00000000c5100000, 0x00000000c5100000|100%| O|  |TAMS 0x00000000c5100000, 0x00000000c5100000| Untracked 
|  23|0x00000000c5100000, 0x00000000c5200000, 0x00000000c5200000|100%| O|  |TAMS 0x00000000c5200000, 0x00000000c5200000| Untracked 
|  24|0x00000000c5200000, 0x00000000c5300000, 0x00000000c5300000|100%| O|  |TAMS 0x00000000c5300000, 0x00000000c5300000| Untracked 
|  25|0x00000000c5300000, 0x00000000c5400000, 0x00000000c5400000|100%| O|  |TAMS 0x00000000c5400000, 0x00000000c5400000| Untracked 
|  26|0x00000000c5400000, 0x00000000c5500000, 0x00000000c5500000|100%| O|  |TAMS 0x00000000c5500000, 0x00000000c5500000| Untracked 
|  27|0x00000000c5500000, 0x00000000c5600000, 0x00000000c5600000|100%| O|  |TAMS 0x00000000c5600000, 0x00000000c5600000| Untracked 
|  28|0x00000000c5600000, 0x00000000c5700000, 0x00000000c5700000|100%| O|  |TAMS 0x00000000c5700000, 0x00000000c5700000| Untracked 
|  29|0x00000000c5700000, 0x00000000c5800000, 0x00000000c5800000|100%|HS|  |TAMS 0x00000000c5800000, 0x00000000c5800000| Complete 
|  30|0x00000000c5800000, 0x00000000c5900000, 0x00000000c5900000|100%|HC|  |TAMS 0x00000000c5900000, 0x00000000c5900000| Complete 
|  31|0x00000000c5900000, 0x00000000c5a00000, 0x00000000c5a00000|100%| O|  |TAMS 0x00000000c5a00000, 0x00000000c5a00000| Untracked 
|  32|0x00000000c5a00000, 0x00000000c5b00000, 0x00000000c5b00000|100%| O|  |TAMS 0x00000000c5b00000, 0x00000000c5b00000| Untracked 
|  33|0x00000000c5b00000, 0x00000000c5c00000, 0x00000000c5c00000|100%| O|  |TAMS 0x00000000c5c00000, 0x00000000c5c00000| Untracked 
|  34|0x00000000c5c00000, 0x00000000c5d00000, 0x00000000c5d00000|100%| O|  |TAMS 0x00000000c5d00000, 0x00000000c5d00000| Untracked 
|  35|0x00000000c5d00000, 0x00000000c5e00000, 0x00000000c5e00000|100%| O|  |TAMS 0x00000000c5d00000, 0x00000000c5e00000| Untracked 
|  36|0x00000000c5e00000, 0x00000000c5f00000, 0x00000000c5f00000|100%| O|  |TAMS 0x00000000c5f00000, 0x00000000c5f00000| Untracked 
|  37|0x00000000c5f00000, 0x00000000c5f32600, 0x00000000c6000000| 19%| O|  |TAMS 0x00000000c5f00000, 0x00000000c5f00000| Untracked 
|  38|0x00000000c6000000, 0x00000000c6100000, 0x00000000c6100000|100%| O|  |TAMS 0x00000000c6100000, 0x00000000c6100000| Untracked 
|  39|0x00000000c6100000, 0x00000000c6200000, 0x00000000c6200000|100%| O|  |TAMS 0x00000000c6100000, 0x00000000c6200000| Untracked 
|  40|0x00000000c6200000, 0x00000000c6300000, 0x00000000c6300000|100%| O|  |TAMS 0x00000000c6300000, 0x00000000c6300000| Untracked 
|  41|0x00000000c6300000, 0x00000000c6400000, 0x00000000c6400000|100%| O|  |TAMS 0x00000000c6400000, 0x00000000c6400000| Untracked 
|  42|0x00000000c6400000, 0x00000000c6500000, 0x00000000c6500000|100%| O|  |TAMS 0x00000000c6474a00, 0x00000000c6500000| Untracked 
|  43|0x00000000c6500000, 0x00000000c6600000, 0x00000000c6600000|100%| O|  |TAMS 0x00000000c6500000, 0x00000000c6600000| Untracked 
|  44|0x00000000c6600000, 0x00000000c6700000, 0x00000000c6700000|100%| O|  |TAMS 0x00000000c6600000, 0x00000000c6700000| Untracked 
|  45|0x00000000c6700000, 0x00000000c6800000, 0x00000000c6800000|100%| O|  |TAMS 0x00000000c6700000, 0x00000000c678fe00| Untracked 
|  46|0x00000000c6800000, 0x00000000c6800000, 0x00000000c6900000|  0%| F|  |TAMS 0x00000000c6800000, 0x00000000c6800000| Untracked 
|  47|0x00000000c6900000, 0x00000000c6900000, 0x00000000c6a00000|  0%| F|  |TAMS 0x00000000c6900000, 0x00000000c6900000| Untracked 
|  48|0x00000000c6a00000, 0x00000000c6a00000, 0x00000000c6b00000|  0%| F|  |TAMS 0x00000000c6a00000, 0x00000000c6a00000| Untracked 
|  49|0x00000000c6b00000, 0x00000000c6b00000, 0x00000000c6c00000|  0%| F|  |TAMS 0x00000000c6b00000, 0x00000000c6b00000| Untracked 
|  50|0x00000000c6c00000, 0x00000000c6c00000, 0x00000000c6d00000|  0%| F|  |TAMS 0x00000000c6c00000, 0x00000000c6c00000| Untracked 
|  51|0x00000000c6d00000, 0x00000000c6d00000, 0x00000000c6e00000|  0%| F|  |TAMS 0x00000000c6d00000, 0x00000000c6d00000| Untracked 
|  52|0x00000000c6e00000, 0x00000000c6e00000, 0x00000000c6f00000|  0%| F|  |TAMS 0x00000000c6e00000, 0x00000000c6e00000| Untracked 
|  53|0x00000000c6f00000, 0x00000000c6f00000, 0x00000000c7000000|  0%| F|  |TAMS 0x00000000c6f00000, 0x00000000c6f00000| Untracked 
|  54|0x00000000c7000000, 0x00000000c7000000, 0x00000000c7100000|  0%| F|  |TAMS 0x00000000c7000000, 0x00000000c7000000| Untracked 
|  55|0x00000000c7100000, 0x00000000c7100000, 0x00000000c7200000|  0%| F|  |TAMS 0x00000000c7100000, 0x00000000c7100000| Untracked 
|  56|0x00000000c7200000, 0x00000000c7200000, 0x00000000c7300000|  0%| F|  |TAMS 0x00000000c7200000, 0x00000000c7200000| Untracked 
|  57|0x00000000c7300000, 0x00000000c7300000, 0x00000000c7400000|  0%| F|  |TAMS 0x00000000c7300000, 0x00000000c7300000| Untracked 
|  58|0x00000000c7400000, 0x00000000c7400000, 0x00000000c7500000|  0%| F|  |TAMS 0x00000000c7400000, 0x00000000c7400000| Untracked 
|  59|0x00000000c7500000, 0x00000000c7600000, 0x00000000c7600000|100%| S|CS|TAMS 0x00000000c7500000, 0x00000000c7500000| Complete 
|  60|0x00000000c7600000, 0x00000000c7700000, 0x00000000c7700000|100%| S|CS|TAMS 0x00000000c7600000, 0x00000000c7600000| Complete 
|  61|0x00000000c7700000, 0x00000000c7700000, 0x00000000c7800000|  0%| F|  |TAMS 0x00000000c7700000, 0x00000000c7700000| Untracked 
|  62|0x00000000c7800000, 0x00000000c7800000, 0x00000000c7900000|  0%| F|  |TAMS 0x00000000c7800000, 0x00000000c7800000| Untracked 
|  63|0x00000000c7900000, 0x00000000c7900000, 0x00000000c7a00000|  0%| F|  |TAMS 0x00000000c7900000, 0x00000000c7900000| Untracked 
|  64|0x00000000c7a00000, 0x00000000c7a00000, 0x00000000c7b00000|  0%| F|  |TAMS 0x00000000c7a00000, 0x00000000c7a00000| Untracked 
|  65|0x00000000c7b00000, 0x00000000c7b00000, 0x00000000c7c00000|  0%| F|  |TAMS 0x00000000c7b00000, 0x00000000c7b00000| Untracked 
|  66|0x00000000c7c00000, 0x00000000c7c00000, 0x00000000c7d00000|  0%| F|  |TAMS 0x00000000c7c00000, 0x00000000c7c00000| Untracked 
|  67|0x00000000c7d00000, 0x00000000c7d00000, 0x00000000c7e00000|  0%| F|  |TAMS 0x00000000c7d00000, 0x00000000c7d00000| Untracked 
|  68|0x00000000c7e00000, 0x00000000c7e00000, 0x00000000c7f00000|  0%| F|  |TAMS 0x00000000c7e00000, 0x00000000c7e00000| Untracked 
|  69|0x00000000c7f00000, 0x00000000c7f00000, 0x00000000c8000000|  0%| F|  |TAMS 0x00000000c7f00000, 0x00000000c7f00000| Untracked 
|  70|0x00000000c8000000, 0x00000000c8000000, 0x00000000c8100000|  0%| F|  |TAMS 0x00000000c8000000, 0x00000000c8000000| Untracked 
|  71|0x00000000c8100000, 0x00000000c8100000, 0x00000000c8200000|  0%| F|  |TAMS 0x00000000c8100000, 0x00000000c8100000| Untracked 
|  72|0x00000000c8200000, 0x00000000c8200000, 0x00000000c8300000|  0%| F|  |TAMS 0x00000000c8200000, 0x00000000c8200000| Untracked 
|  73|0x00000000c8300000, 0x00000000c8300000, 0x00000000c8400000|  0%| F|  |TAMS 0x00000000c8300000, 0x00000000c8300000| Untracked 
| 965|0x00000000fff00000, 0x0000000100000000, 0x0000000100000000|100%| O|  |TAMS 0x0000000100000000, 0x0000000100000000| Untracked 

Card table byte_map: [0x000001f67a600000,0x000001f67a7f0000] _byte_map_base: 0x000001f679fe3000

Marking Bits (Prev, Next): (CMBitMap*) 0x000001f676f87460, (CMBitMap*) 0x000001f676f874a0
 Prev Bits: [0x000001f67a9e0000, 0x000001f67b8f8000)
 Next Bits: [0x000001f67b900000, 0x000001f67c818000)

Polling page: 0x000001f674e30000

Metaspace:

Usage:
  Non-class:     45.82 MB used.
      Class:      6.09 MB used.
       Both:     51.92 MB used.

Virtual space:
  Non-class space:       48.00 MB reserved,      45.94 MB ( 96%) committed,  6 nodes.
      Class space:        1.00 GB reserved,       6.25 MB ( <1%) committed,  1 nodes.
             Both:        1.05 GB reserved,      52.19 MB (  5%) committed. 

Chunk freelists:
   Non-Class:  2.02 MB
       Class:  1.73 MB
        Both:  3.75 MB

MaxMetaspaceSize: unlimited
CompressedClassSpaceSize: 1.00 GB
Initial GC threshold: 21.00 MB
Current GC threshold: 86.38 MB
CDS: off
MetaspaceReclaimPolicy: balanced
 - commit_granule_bytes: 65536.
 - commit_granule_words: 8192.
 - virtual_space_node_default_size: 1048576.
 - enlarge_chunks_in_place: 1.
 - new_chunks_are_fully_committed: 0.
 - uncommit_free_chunks: 1.
 - use_allocation_guard: 0.
 - handle_deallocations: 1.


Internal statistics:

num_allocs_failed_limit: 3.
num_arena_births: 224.
num_arena_deaths: 0.
num_vsnodes_births: 7.
num_vsnodes_deaths: 0.
num_space_committed: 833.
num_space_uncommitted: 0.
num_chunks_returned_to_freelist: 3.
num_chunks_taken_from_freelist: 1761.
num_chunk_merges: 3.
num_chunk_splits: 1417.
num_chunks_enlarged: 1255.
num_purges: 0.
num_inconsistent_stats: 0.

CodeHeap 'non-profiled nmethods': size=120000Kb used=2716Kb max_used=2839Kb free=117283Kb
 bounds [0x000001f607ad0000, 0x000001f607da0000, 0x000001f60f000000]
CodeHeap 'profiled nmethods': size=120000Kb used=12153Kb max_used=13445Kb free=107846Kb
 bounds [0x000001f600000000, 0x000001f600d40000, 0x000001f607530000]
CodeHeap 'non-nmethods': size=5760Kb used=1290Kb max_used=1335Kb free=4469Kb
 bounds [0x000001f607530000, 0x000001f6077a0000, 0x000001f607ad0000]
 total_blobs=5672 nmethods=5076 adapters=508
 compilation: enabled
              stopped_count=0, restarted_count=0
 full_count=0

Compilation events (20 events):
Event: 93.785 Thread 0x000001f67f853f70 5868       3       org.jetbrains.kotlin.types.checker.NewKotlinTypeCheckerImpl::<init> (20 bytes)
Event: 93.785 Thread 0x000001f67f853f70 nmethod 5868 0x000001f600a03490 code [0x000001f600a03640, 0x000001f600a037c8]
Event: 93.785 Thread 0x000001f67f853f70 5869       3       org.jetbrains.kotlin.resolve.lazy.descriptors.LazyClassMemberScope$generateDelegatingDescriptors$lazyTypeResolver$1::<init> (10 bytes)
Event: 93.785 Thread 0x000001f67f853f70 nmethod 5869 0x000001f600a14490 code [0x000001f600a14620, 0x000001f600a147f8]
Event: 93.786 Thread 0x000001f67f853f70 5870       3       org.jetbrains.kotlin.resolve.lazy.descriptors.LazyClassMemberScope$generateDelegatingDescriptors$lazyMemberExtractor$1::<init> (15 bytes)
Event: 93.786 Thread 0x000001f67f853f70 nmethod 5870 0x000001f60055cd10 code [0x000001f60055cec0, 0x000001f60055d0d8]
Event: 93.786 Thread 0x000001f67f853f70 5871       3       org.jetbrains.kotlin.resolve.lazy.ResolveSession::getDelegationFilter (14 bytes)
Event: 93.786 Thread 0x000001f67f853f70 nmethod 5871 0x000001f60066b390 code [0x000001f60066b540, 0x000001f60066b6c8]
Event: 93.786 Thread 0x000001f67f853f70 5872       3       org.jetbrains.kotlin.resolve.DelegationResolver$Companion::generateDelegatedMembers (78 bytes)
Event: 94.769 Thread 0x000001f67f853f70 nmethod 5872 0x000001f600777290 code [0x000001f600777820, 0x000001f600779ef8]
Event: 94.769 Thread 0x000001f67f853f70 5873       3       org.jetbrains.kotlin.resolve.DelegationResolver::<init> (18 bytes)
Event: 94.770 Thread 0x000001f67f853f70 nmethod 5873 0x000001f600754590 code [0x000001f600754720, 0x000001f600754888]
Event: 94.770 Thread 0x000001f67f853f70 5874       3       org.jetbrains.kotlin.resolve.DelegationResolver::<init> (50 bytes)
Event: 94.770 Thread 0x000001f67f853f70 nmethod 5874 0x000001f60026ce90 code [0x000001f60026d040, 0x000001f60026d498]
Event: 94.770 Thread 0x000001f67f853f70 5875       3       org.jetbrains.kotlin.resolve.DelegationResolver::access$generateDelegatedMembers (5 bytes)
Event: 94.770 Thread 0x000001f67f853f70 nmethod 5875 0x000001f6006c6190 code [0x000001f6006c6320, 0x000001f6006c6448]
Event: 94.770 Thread 0x000001f67f853f70 5876       1       org.jetbrains.kotlin.descriptors.impl.PropertyDescriptorImpl$CopyConfiguration::access$400 (5 bytes)
Event: 94.770 Thread 0x000001f67f853f70 nmethod 5876 0x000001f607ccac90 code [0x000001f607ccae20, 0x000001f607ccaed8]
Event: 94.771 Thread 0x000001f67f853f70 5877       3       org.jetbrains.kotlin.resolve.lazy.descriptors.LazyClassMemberScope::generateDelegatingDescriptors (96 bytes)
Event: 94.772 Thread 0x000001f67f853f70 nmethod 5877 0x000001f6008b1110 code [0x000001f6008b13a0, 0x000001f6008b2298]

GC Heap History (20 events):
Event: 66.079 GC heap before
{Heap before GC invocations=21 (full 0):
 garbage-first heap   total 55296K, used 43832K [0x00000000c3a00000, 0x0000000100000000)
  region size 1024K, 11 young (11264K), 2 survivors (2048K)
 Metaspace       used 50635K, committed 50944K, reserved 1097728K
  class space    used 6109K, committed 6272K, reserved 1048576K
}
Event: 66.091 GC heap after
{Heap after GC invocations=22 (full 0):
 garbage-first heap   total 55296K, used 36418K [0x00000000c3a00000, 0x0000000100000000)
  region size 1024K, 2 young (2048K), 2 survivors (2048K)
 Metaspace       used 50635K, committed 50944K, reserved 1097728K
  class space    used 6109K, committed 6272K, reserved 1048576K
}
Event: 67.194 GC heap before
{Heap before GC invocations=23 (full 0):
 garbage-first heap   total 66560K, used 39490K [0x00000000c3a00000, 0x0000000100000000)
  region size 1024K, 6 young (6144K), 2 survivors (2048K)
 Metaspace       used 50712K, committed 51008K, reserved 1097728K
  class space    used 6110K, committed 6272K, reserved 1048576K
}
Event: 67.202 GC heap after
{Heap after GC invocations=24 (full 0):
 garbage-first heap   total 66560K, used 37552K [0x00000000c3a00000, 0x0000000100000000)
  region size 1024K, 2 young (2048K), 2 survivors (2048K)
 Metaspace       used 50712K, committed 51008K, reserved 1097728K
  class space    used 6110K, committed 6272K, reserved 1048576K
}
Event: 68.868 GC heap before
{Heap before GC invocations=25 (full 0):
 garbage-first heap   total 66560K, used 49840K [0x00000000c3a00000, 0x0000000100000000)
  region size 1024K, 14 young (14336K), 2 survivors (2048K)
 Metaspace       used 50787K, committed 51072K, reserved 1097728K
  class space    used 6110K, committed 6272K, reserved 1048576K
}
Event: 68.880 GC heap after
{Heap after GC invocations=26 (full 0):
 garbage-first heap   total 66560K, used 40812K [0x00000000c3a00000, 0x0000000100000000)
  region size 1024K, 2 young (2048K), 2 survivors (2048K)
 Metaspace       used 50787K, committed 51072K, reserved 1097728K
  class space    used 6110K, committed 6272K, reserved 1048576K
}
Event: 69.348 GC heap before
{Heap before GC invocations=26 (full 0):
 garbage-first heap   total 66560K, used 41836K [0x00000000c3a00000, 0x0000000100000000)
  region size 1024K, 3 young (3072K), 2 survivors (2048K)
 Metaspace       used 50790K, committed 51072K, reserved 1097728K
  class space    used 6110K, committed 6272K, reserved 1048576K
}
Event: 69.357 GC heap after
{Heap after GC invocations=27 (full 0):
 garbage-first heap   total 66560K, used 41552K [0x00000000c3a00000, 0x0000000100000000)
  region size 1024K, 1 young (1024K), 1 survivors (1024K)
 Metaspace       used 50790K, committed 51072K, reserved 1097728K
  class space    used 6110K, committed 6272K, reserved 1048576K
}
Event: 70.006 GC heap before
{Heap before GC invocations=27 (full 0):
 garbage-first heap   total 66560K, used 50768K [0x00000000c3a00000, 0x0000000100000000)
  region size 1024K, 10 young (10240K), 1 survivors (1024K)
 Metaspace       used 50809K, committed 51072K, reserved 1097728K
  class space    used 6110K, committed 6272K, reserved 1048576K
}
Event: 70.009 GC heap after
{Heap after GC invocations=28 (full 0):
 garbage-first heap   total 66560K, used 41722K [0x00000000c3a00000, 0x0000000100000000)
  region size 1024K, 1 young (1024K), 1 survivors (1024K)
 Metaspace       used 50809K, committed 51072K, reserved 1097728K
  class space    used 6110K, committed 6272K, reserved 1048576K
}
Event: 79.378 GC heap before
{Heap before GC invocations=29 (full 0):
 garbage-first heap   total 73728K, used 50938K [0x00000000c3a00000, 0x0000000100000000)
  region size 1024K, 10 young (10240K), 1 survivors (1024K)
 Metaspace       used 51688K, committed 52032K, reserved 1097728K
  class space    used 6166K, committed 6336K, reserved 1048576K
}
Event: 79.401 GC heap after
{Heap after GC invocations=30 (full 0):
 garbage-first heap   total 73728K, used 44327K [0x00000000c3a00000, 0x0000000100000000)
  region size 1024K, 2 young (2048K), 2 survivors (2048K)
 Metaspace       used 51688K, committed 52032K, reserved 1097728K
  class space    used 6166K, committed 6336K, reserved 1048576K
}
Event: 79.594 GC heap before
{Heap before GC invocations=30 (full 0):
 garbage-first heap   total 73728K, used 45351K [0x00000000c3a00000, 0x0000000100000000)
  region size 1024K, 3 young (3072K), 2 survivors (2048K)
 Metaspace       used 51709K, committed 52032K, reserved 1097728K
  class space    used 6166K, committed 6336K, reserved 1048576K
}
Event: 79.600 GC heap after
{Heap after GC invocations=31 (full 0):
 garbage-first heap   total 73728K, used 42864K [0x00000000c3a00000, 0x0000000100000000)
  region size 1024K, 1 young (1024K), 1 survivors (1024K)
 Metaspace       used 51709K, committed 52032K, reserved 1097728K
  class space    used 6166K, committed 6336K, reserved 1048576K
}
Event: 86.198 GC heap before
{Heap before GC invocations=31 (full 0):
 garbage-first heap   total 73728K, used 56176K [0x00000000c3a00000, 0x0000000100000000)
  region size 1024K, 14 young (14336K), 1 survivors (1024K)
 Metaspace       used 52816K, committed 53056K, reserved 1097728K
  class space    used 6224K, committed 6336K, reserved 1048576K
}
Event: 86.244 GC heap after
{Heap after GC invocations=32 (full 0):
 garbage-first heap   total 73728K, used 45056K [0x00000000c3a00000, 0x0000000100000000)
  region size 1024K, 2 young (2048K), 2 survivors (2048K)
 Metaspace       used 52816K, committed 53056K, reserved 1097728K
  class space    used 6224K, committed 6336K, reserved 1048576K
}
Event: 90.276 GC heap before
{Heap before GC invocations=33 (full 0):
 garbage-first heap   total 76800K, used 57344K [0x00000000c3a00000, 0x0000000100000000)
  region size 1024K, 14 young (14336K), 2 survivors (2048K)
 Metaspace       used 52965K, committed 53184K, reserved 1097728K
  class space    used 6224K, committed 6336K, reserved 1048576K
}
Event: 90.327 GC heap after
{Heap after GC invocations=34 (full 0):
 garbage-first heap   total 76800K, used 47453K [0x00000000c3a00000, 0x0000000100000000)
  region size 1024K, 2 young (2048K), 2 survivors (2048K)
 Metaspace       used 52965K, committed 53184K, reserved 1097728K
  class space    used 6224K, committed 6336K, reserved 1048576K
}
Event: 90.383 GC heap before
{Heap before GC invocations=34 (full 0):
 garbage-first heap   total 76800K, used 48477K [0x00000000c3a00000, 0x0000000100000000)
  region size 1024K, 3 young (3072K), 2 survivors (2048K)
 Metaspace       used 52978K, committed 53248K, reserved 1097728K
  class space    used 6224K, committed 6336K, reserved 1048576K
}
Event: 90.407 GC heap after
{Heap after GC invocations=35 (full 0):
 garbage-first heap   total 76800K, used 47046K [0x00000000c3a00000, 0x0000000100000000)
  region size 1024K, 1 young (1024K), 1 survivors (1024K)
 Metaspace       used 52978K, committed 53248K, reserved 1097728K
  class space    used 6224K, committed 6336K, reserved 1048576K
}

Dll operation events (2 events):
Event: 0.493 Loaded shared library C:\Program Files\Android\Android Studio\jbr\bin\java.dll
Event: 36.760 Loaded shared library C:\Program Files\Android\Android Studio\jbr\bin\verify.dll

Deoptimization events (20 events):
Event: 91.882 Thread 0x000001f674c8a7b0 DEOPT PACKING pc=0x000001f607b56ee8 sp=0x000000046dbfdae0
Event: 91.883 Thread 0x000001f674c8a7b0 DEOPT UNPACKING pc=0x000001f60758a1a3 sp=0x000000046dbfda60 mode 2
Event: 91.890 Thread 0x000001f674c8a7b0 DEOPT PACKING pc=0x000001f600ad074d sp=0x000000046dbfc490
Event: 91.890 Thread 0x000001f674c8a7b0 DEOPT UNPACKING pc=0x000001f60758ace3 sp=0x000000046dbfb920 mode 0
Event: 91.896 Thread 0x000001f674c8a7b0 Uncommon trap: trap_request=0xffffffc6 fr.pc=0x000001f607c288ac relative=0x0000000000000f4c
Event: 91.896 Thread 0x000001f674c8a7b0 Uncommon trap: reason=bimorphic_or_optimized_type_check action=maybe_recompile pc=0x000001f607c288ac method=kotlin.collections.CollectionsKt___CollectionsKt.toSet(Ljava/lang/Iterable;)Ljava/util/Set; @ 71 c2
Event: 91.896 Thread 0x000001f674c8a7b0 DEOPT PACKING pc=0x000001f607c288ac sp=0x000000046dbfd670
Event: 91.896 Thread 0x000001f674c8a7b0 DEOPT UNPACKING pc=0x000001f60758a1a3 sp=0x000000046dbfd660 mode 2
Event: 91.924 Thread 0x000001f674c8a7b0 Uncommon trap: trap_request=0xffffffc6 fr.pc=0x000001f607c288ac relative=0x0000000000000f4c
Event: 91.924 Thread 0x000001f674c8a7b0 Uncommon trap: reason=bimorphic_or_optimized_type_check action=maybe_recompile pc=0x000001f607c288ac method=kotlin.collections.CollectionsKt___CollectionsKt.toSet(Ljava/lang/Iterable;)Ljava/util/Set; @ 71 c2
Event: 91.924 Thread 0x000001f674c8a7b0 DEOPT PACKING pc=0x000001f607c288ac sp=0x000000046dbfd670
Event: 91.924 Thread 0x000001f674c8a7b0 DEOPT UNPACKING pc=0x000001f60758a1a3 sp=0x000000046dbfd660 mode 2
Event: 91.924 Thread 0x000001f674c8a7b0 Uncommon trap: trap_request=0xffffffc6 fr.pc=0x000001f607c288ac relative=0x0000000000000f4c
Event: 91.924 Thread 0x000001f674c8a7b0 Uncommon trap: reason=bimorphic_or_optimized_type_check action=maybe_recompile pc=0x000001f607c288ac method=kotlin.collections.CollectionsKt___CollectionsKt.toSet(Ljava/lang/Iterable;)Ljava/util/Set; @ 71 c2
Event: 91.924 Thread 0x000001f674c8a7b0 DEOPT PACKING pc=0x000001f607c288ac sp=0x000000046dbfd5f0
Event: 91.924 Thread 0x000001f674c8a7b0 DEOPT UNPACKING pc=0x000001f60758a1a3 sp=0x000000046dbfd5e0 mode 2
Event: 91.924 Thread 0x000001f674c8a7b0 Uncommon trap: trap_request=0xffffffc6 fr.pc=0x000001f607c288ac relative=0x0000000000000f4c
Event: 91.924 Thread 0x000001f674c8a7b0 Uncommon trap: reason=bimorphic_or_optimized_type_check action=maybe_recompile pc=0x000001f607c288ac method=kotlin.collections.CollectionsKt___CollectionsKt.toSet(Ljava/lang/Iterable;)Ljava/util/Set; @ 71 c2
Event: 91.924 Thread 0x000001f674c8a7b0 DEOPT PACKING pc=0x000001f607c288ac sp=0x000000046dbfd5f0
Event: 91.924 Thread 0x000001f674c8a7b0 DEOPT UNPACKING pc=0x000001f60758a1a3 sp=0x000000046dbfd5e0 mode 2

Classes unloaded (0 events):
No events

Classes redefined (0 events):
No events

Internal exceptions (20 events):
Event: 37.872 Thread 0x000001f674c8a7b0 Exception <a 'java/lang/NoSuchMethodError'{0x00000000c77bc810}: 'long java.lang.invoke.DirectMethodHandle$Holder.invokeStatic(java.lang.Object)'> (0x00000000c77bc810) 
thrown [s\src\hotspot\share\interpreter\linkResolver.cpp, line 771]
Event: 37.879 Thread 0x000001f674c8a7b0 Exception <a 'java/lang/NoSuchMethodError'{0x00000000c77bff68}: 'long java.lang.invoke.DirectMethodHandle$Holder.invokeStaticInit(java.lang.Object)'> (0x00000000c77bff68) 
thrown [s\src\hotspot\share\interpreter\linkResolver.cpp, line 771]
Event: 38.547 Thread 0x000001f674c8a7b0 Exception <a 'java/lang/NoSuchMethodError'{0x00000000c61b90d8}: 'int java.lang.invoke.DirectMethodHandle$Holder.invokeStaticInit(java.lang.Object, java.lang.Object, java.lang.Object)'> (0x00000000c61b90d8) 
thrown [s\src\hotspot\share\interpreter\linkResolver.cpp, line 771]
Event: 38.562 Thread 0x000001f674c8a7b0 Exception <a 'java/lang/NoSuchMethodError'{0x00000000c61e0790}: 'int java.lang.invoke.DirectMethodHandle$Holder.invokeStaticInit(java.lang.Object, java.lang.Object)'> (0x00000000c61e0790) 
thrown [s\src\hotspot\share\interpreter\linkResolver.cpp, line 771]
Event: 38.641 Thread 0x000001f674c8a7b0 Exception <a 'java/lang/NoSuchMethodError'{0x00000000c60b8450}: 'void java.lang.invoke.DirectMethodHandle$Holder.invokeSpecial(java.lang.Object, java.lang.Object, java.lang.Object)'> (0x00000000c60b8450) 
thrown [s\src\hotspot\share\interpreter\linkResolver.cpp, line 771]
Event: 40.706 Thread 0x000001f674c8a7b0 Exception <a 'java/lang/NoSuchMethodError'{0x00000000c4f70d50}: 'void java.lang.invoke.DirectMethodHandle$Holder.invokeStatic(java.lang.Object, java.lang.Object, java.lang.Object, java.lang.Object)'> (0x00000000c4f70d50) 
thrown [s\src\hotspot\share\interpreter\linkResolver.cpp, line 771]
Event: 41.404 Thread 0x000001f674c8a7b0 Exception <a 'java/lang/NoSuchMethodError'{0x00000000c773e028}: 'void java.lang.invoke.DirectMethodHandle$Holder.invokeStaticInit(java.lang.Object, java.lang.Object)'> (0x00000000c773e028) 
thrown [s\src\hotspot\share\interpreter\linkResolver.cpp, line 771]
Event: 41.900 Thread 0x000001f674c8a7b0 Exception <a 'java/lang/NoSuchMethodError'{0x00000000c6151498}: 'void java.lang.invoke.DirectMethodHandle$Holder.invokeVirtual(java.lang.Object, java.lang.Object)'> (0x00000000c6151498) 
thrown [s\src\hotspot\share\interpreter\linkResolver.cpp, line 771]
Event: 42.038 Thread 0x000001f674c8a7b0 Exception <a 'java/lang/NoSuchMethodError'{0x00000000c600a1a0}: 'int java.lang.invoke.DirectMethodHandle$Holder.invokeVirtual(java.lang.Object, java.lang.Object)'> (0x00000000c600a1a0) 
thrown [s\src\hotspot\share\interpreter\linkResolver.cpp, line 771]
Event: 42.126 Thread 0x000001f674c8a7b0 Exception <a 'java/lang/NoSuchMethodError'{0x00000000c60bcf00}: 'java.lang.Object java.lang.invoke.Invokers$Holder.invokeExact_MT(java.lang.Object, java.lang.Object, java.lang.Object, java.lang.Object, java.lang.Object, java.lang.Object)'> (0x00000000c60bcf00) 
thrown [s\src\hotspot\share\interpreter\linkResolver.cpp, line 771]
Event: 49.104 Thread 0x000001f674c8a7b0 Exception <a 'java/lang/NoSuchMethodError'{0x00000000c66bea60}: 'java.lang.Object java.lang.invoke.DirectMethodHandle$Holder.invokeVirtual(java.lang.Object, java.lang.Object, java.lang.Object)'> (0x00000000c66bea60) 
thrown [s\src\hotspot\share\interpreter\linkResolver.cpp, line 771]
Event: 56.682 Thread 0x000001f674c8a7b0 Exception <a 'java/lang/NoSuchMethodError'{0x00000000c65a18a8}: 'java.lang.Object java.lang.invoke.DirectMethodHandle$Holder.newInvokeSpecial(java.lang.Object, java.lang.Object, int)'> (0x00000000c65a18a8) 
thrown [s\src\hotspot\share\interpreter\linkResolver.cpp, line 771]
Event: 57.843 Thread 0x000001f674c8a7b0 Exception <a 'java/lang/NoSuchMethodError'{0x00000000c61791a8}: 'java.lang.Object java.lang.invoke.DirectMethodHandle$Holder.newInvokeSpecial(java.lang.Object, java.lang.Object, java.lang.Object, int)'> (0x00000000c61791a8) 
thrown [s\src\hotspot\share\interpreter\linkResolver.cpp, line 771]
Event: 57.846 Thread 0x000001f674c8a7b0 Exception <a 'java/lang/NoSuchMethodError'{0x00000000c617d830}: 'java.lang.Object java.lang.invoke.DirectMethodHandle$Holder.invokeSpecial(java.lang.Object, java.lang.Object, java.lang.Object, java.lang.Object, int)'> (0x00000000c617d830) 
thrown [s\src\hotspot\share\interpreter\linkResolver.cpp, line 771]
Event: 57.846 Thread 0x000001f674c8a7b0 Exception <a 'java/lang/NoSuchMethodError'{0x00000000c61816a0}: 'java.lang.Object java.lang.invoke.Invokers$Holder.linkToTargetMethod(java.lang.Object, java.lang.Object, int, java.lang.Object)'> (0x00000000c61816a0) 
thrown [s\src\hotspot\share\interpreter\linkResolver.cpp, line 771]
Event: 60.863 Thread 0x000001f674c8a7b0 Exception <a 'java/lang/NoSuchMethodError'{0x00000000c65efb88}: 'java.lang.Object java.lang.invoke.DirectMethodHandle$Holder.invokeInterface(java.lang.Object, java.lang.Object)'> (0x00000000c65efb88) 
thrown [s\src\hotspot\share\interpreter\linkResolver.cpp, line 771]
Event: 78.751 Thread 0x000001f674c8a7b0 Implicit null exception at 0x000001f607d33a3d to 0x000001f607d34135
Event: 80.489 Thread 0x000001f674c8a7b0 Exception <a 'java/lang/NoSuchMethodError'{0x00000000c7ec2e60}: 'java.lang.Object java.lang.invoke.DirectMethodHandle$Holder.invokeStaticInit(java.lang.Object, java.lang.Object, java.lang.Object)'> (0x00000000c7ec2e60) 
thrown [s\src\hotspot\share\interpreter\linkResolver.cpp, line 771]
Event: 89.969 Thread 0x000001f674c8a7b0 Implicit null exception at 0x000001f607b1246c to 0x000001f607b12698
Event: 89.970 Thread 0x000001f674c8a7b0 Implicit null exception at 0x000001f607b6408f to 0x000001f607b64105

VM Operations (20 events):
Event: 87.727 Executing VM operation: Cleanup
Event: 87.799 Executing VM operation: Cleanup done
Event: 88.809 Executing VM operation: Cleanup
Event: 88.810 Executing VM operation: Cleanup done
Event: 89.822 Executing VM operation: Cleanup
Event: 89.965 Executing VM operation: Cleanup done
Event: 90.276 Executing VM operation: G1CollectForAllocation
Event: 90.327 Executing VM operation: G1CollectForAllocation done
Event: 90.383 Executing VM operation: G1CollectForAllocation
Event: 90.407 Executing VM operation: G1CollectForAllocation done
Event: 91.420 Executing VM operation: Cleanup
Event: 91.436 Executing VM operation: Cleanup done
Event: 92.443 Executing VM operation: Cleanup
Event: 92.443 Executing VM operation: Cleanup done
Event: 92.450 Executing VM operation: HandshakeAllThreads
Event: 92.450 Executing VM operation: HandshakeAllThreads done
Event: 93.458 Executing VM operation: Cleanup
Event: 93.581 Executing VM operation: Cleanup done
Event: 94.596 Executing VM operation: Cleanup
Event: 94.769 Executing VM operation: Cleanup done

Events (20 events):
Event: 86.753 Thread 0x000001f67f857ba0 flushing nmethod 0x000001f600969510
Event: 86.753 Thread 0x000001f67f857ba0 flushing nmethod 0x000001f600992910
Event: 86.753 Thread 0x000001f67f857ba0 flushing nmethod 0x000001f60099c690
Event: 86.753 Thread 0x000001f67f857ba0 flushing nmethod 0x000001f60099ca90
Event: 86.753 Thread 0x000001f67f857ba0 flushing nmethod 0x000001f6009be390
Event: 86.753 Thread 0x000001f67f857ba0 flushing nmethod 0x000001f600a03490
Event: 86.753 Thread 0x000001f67f857ba0 flushing nmethod 0x000001f600a05e90
Event: 86.753 Thread 0x000001f67f857ba0 flushing nmethod 0x000001f600a14490
Event: 86.753 Thread 0x000001f67f857ba0 flushing nmethod 0x000001f600a15590
Event: 86.754 Thread 0x000001f67f857ba0 flushing nmethod 0x000001f600a43090
Event: 86.754 Thread 0x000001f67f857ba0 flushing nmethod 0x000001f600a51e10
Event: 86.754 Thread 0x000001f67f857ba0 flushing nmethod 0x000001f600a63190
Event: 86.754 Thread 0x000001f67f857ba0 flushing nmethod 0x000001f600a83790
Event: 86.754 Thread 0x000001f67f857ba0 flushing nmethod 0x000001f600a83d10
Event: 86.754 Thread 0x000001f67f857ba0 flushing nmethod 0x000001f600a88e10
Event: 86.754 Thread 0x000001f67f857ba0 flushing nmethod 0x000001f600b33590
Event: 86.755 Thread 0x000001f67f857ba0 flushing nmethod 0x000001f600b4be10
Event: 86.755 Thread 0x000001f67f857ba0 flushing nmethod 0x000001f600b56810
Event: 86.755 Thread 0x000001f67f857ba0 flushing nmethod 0x000001f600b67610
Event: 86.755 Thread 0x000001f67f857ba0 flushing nmethod 0x000001f600b99d90


Dynamic libraries:
0x00007ff71c8c0000 - 0x00007ff71c8ca000 	C:\Program Files\Android\Android Studio\jbr\bin\java.exe
0x00007ffd518b0000 - 0x00007ffd51ae6000 	C:\WINDOWS\SYSTEM32\ntdll.dll
0x00007ffd4ff00000 - 0x00007ffd4ffc9000 	C:\WINDOWS\System32\KERNEL32.DLL
0x00007ffd4eff0000 - 0x00007ffd4f34e000 	C:\WINDOWS\System32\KERNELBASE.dll
0x00007ffd4f3f0000 - 0x00007ffd4f529000 	C:\WINDOWS\System32\ucrtbase.dll
0x00007ffd3ee00000 - 0x00007ffd3ee17000 	C:\Program Files\Android\Android Studio\jbr\bin\jli.dll
0x00007ffd4f7c0000 - 0x00007ffd4f978000 	C:\WINDOWS\System32\USER32.dll
0x00007ffd4ec90000 - 0x00007ffd4ecb7000 	C:\WINDOWS\System32\win32u.dll
0x00007ffd50020000 - 0x00007ffd5004a000 	C:\WINDOWS\System32\GDI32.dll
0x00007ffd4eec0000 - 0x00007ffd4efe0000 	C:\WINDOWS\System32\gdi32full.dll
0x00007ffd4f5f0000 - 0x00007ffd4f695000 	C:\WINDOWS\System32\msvcp_win.dll
0x00007ffd3d130000 - 0x00007ffd3d14b000 	C:\Program Files\Android\Android Studio\jbr\bin\VCRUNTIME140.dll
0x00007ffd2ef20000 - 0x00007ffd2f1b1000 	C:\WINDOWS\WinSxS\amd64_microsoft.windows.common-controls_6595b64144ccf1df_6.0.25947.1000_none_883b0c89deb4cc00\COMCTL32.dll
0x00007ffd4f9c0000 - 0x00007ffd4fa67000 	C:\WINDOWS\System32\msvcrt.dll
0x00007ffd4f6a0000 - 0x00007ffd4f6d1000 	C:\WINDOWS\System32\IMM32.DLL
0x00007ffd3ed30000 - 0x00007ffd3ed3c000 	C:\Program Files\Android\Android Studio\jbr\bin\vcruntime140_1.dll
0x00007ffd34280000 - 0x00007ffd3430d000 	C:\Program Files\Android\Android Studio\jbr\bin\msvcp140.dll
0x00007ffcf3d20000 - 0x00007ffcf498e000 	C:\Program Files\Android\Android Studio\jbr\bin\server\jvm.dll
0x00007ffd50180000 - 0x00007ffd50231000 	C:\WINDOWS\System32\ADVAPI32.dll
0x00007ffd500d0000 - 0x00007ffd50171000 	C:\WINDOWS\System32\sechost.dll
0x00007ffd4fc70000 - 0x00007ffd4fd96000 	C:\WINDOWS\System32\RPCRT4.dll
0x00007ffd496b0000 - 0x00007ffd496ba000 	C:\WINDOWS\SYSTEM32\WSOCK32.dll
0x00007ffd51370000 - 0x00007ffd513e4000 	C:\WINDOWS\System32\WS2_32.dll
0x00007ffd47520000 - 0x00007ffd47555000 	C:\WINDOWS\SYSTEM32\WINMM.dll
0x00007ffd45140000 - 0x00007ffd4514b000 	C:\WINDOWS\SYSTEM32\VERSION.dll
0x00007ffd4db60000 - 0x00007ffd4db79000 	C:\WINDOWS\SYSTEM32\kernel.appcore.dll
0x00007ffd496a0000 - 0x00007ffd496aa000 	C:\Program Files\Android\Android Studio\jbr\bin\jimage.dll
0x00007ffd4c540000 - 0x00007ffd4c776000 	C:\WINDOWS\SYSTEM32\DBGHELP.DLL
0x00007ffd503a0000 - 0x00007ffd50718000 	C:\WINDOWS\System32\combase.dll
0x00007ffd502c0000 - 0x00007ffd50396000 	C:\WINDOWS\System32\OLEAUT32.dll
0x00007ffd27f00000 - 0x00007ffd27f39000 	C:\WINDOWS\SYSTEM32\dbgcore.DLL
0x00007ffd4f360000 - 0x00007ffd4f3e3000 	C:\WINDOWS\System32\bcryptPrimitives.dll
0x00007ffd3e670000 - 0x00007ffd3e695000 	C:\Program Files\Android\Android Studio\jbr\bin\java.dll
0x00007ffd3dc80000 - 0x00007ffd3dc98000 	C:\Program Files\Android\Android Studio\jbr\bin\zip.dll
0x00007ffd50aa0000 - 0x00007ffd51250000 	C:\WINDOWS\System32\SHELL32.dll
0x00007ffd4ca80000 - 0x00007ffd4d2ce000 	C:\WINDOWS\SYSTEM32\windows.storage.dll
0x00007ffd4f6e0000 - 0x00007ffd4f7b3000 	C:\WINDOWS\System32\SHCORE.dll
0x00007ffd4fda0000 - 0x00007ffd4fdfc000 	C:\WINDOWS\System32\shlwapi.dll
0x00007ffd4ebb0000 - 0x00007ffd4ebd4000 	C:\WINDOWS\SYSTEM32\profapi.dll
0x00007ffd3db90000 - 0x00007ffd3dba9000 	C:\Program Files\Android\Android Studio\jbr\bin\net.dll
0x00007ffd470d0000 - 0x00007ffd471ed000 	C:\WINDOWS\SYSTEM32\WINHTTP.dll
0x00007ffd4e010000 - 0x00007ffd4e079000 	C:\WINDOWS\system32\mswsock.dll
0x00007ffd3db70000 - 0x00007ffd3db86000 	C:\Program Files\Android\Android Studio\jbr\bin\nio.dll
0x00007ffd3db60000 - 0x00007ffd3db70000 	C:\Program Files\Android\Android Studio\jbr\bin\verify.dll

dbghelp: loaded successfully - version: 4.0.5 - missing functions: none
symbol engine: initialized successfully - sym options: 0x614 - pdb path: .;C:\Program Files\Android\Android Studio\jbr\bin;C:\WINDOWS\SYSTEM32;C:\WINDOWS\WinSxS\amd64_microsoft.windows.common-controls_6595b64144ccf1df_6.0.25947.1000_none_883b0c89deb4cc00;C:\Program Files\Android\Android Studio\jbr\bin\server

VM Arguments:
java_command: org.jetbrains.kotlin.cli.jvm.K2JVMCompiler @C:\Users\DELL\AndroidStudioProjects\Google\app\build\20231201_9941840418879877102.compiler.options
java_class_path (initial): C:\Users\DELL\.gradle\caches\modules-2\files-2.1\org.jetbrains.kotlin\kotlin-compiler-embeddable\1.7.21\a36688d6a38ea94ac3fce84e198ea2cb6c6a8e88\kotlin-compiler-embeddable-1.7.21.jar;C:\Users\DELL\.gradle\caches\modules-2\files-2.1\org.jetbrains.kotlin\kotlin-reflect\1.7.21\ad6d09bc4db0eab1069112eea8ebea0be7be44f\kotlin-reflect-1.7.21.jar;C:\Users\DELL\.gradle\caches\modules-2\files-2.1\org.jetbrains.kotlin\kotlin-stdlib\1.7.21\1a2eaf898a0dda83037034b10a42053cf8a7caf8\kotlin-stdlib-1.7.21.jar;C:\Users\DELL\.gradle\caches\modules-2\files-2.1\org.jetbrains.kotlin\kotlin-script-runtime\1.7.21\b06d5c58297dccce2a0f69b0636804b0a73b3b9\kotlin-script-runtime-1.7.21.jar;C:\Users\DELL\.gradle\caches\modules-2\files-2.1\org.jetbrains.kotlin\kotlin-daemon-embeddable\1.7.21\b94818f660cc50f5d39f04b6396ac38e4d3a9eb7\kotlin-daemon-embeddable-1.7.21.jar;C:\Users\DELL\.gradle\caches\modules-2\files-2.1\org.jetbrains.intellij.deps\trove4j\1.0.20200330\3afb14d5f9ceb459d724e907a21145e8ff394f02\trove4j-1.0.20200330.jar;C:\Users\DELL\.gradle\caches\modules-2\files-2.1\net.java.dev.jna\jna\5.6.0\330f2244e9030119ab3030fc3fededc86713d9cc\jna-5.6.0.jar;C:\Users\DELL\.gradle\caches\modules-2\files-2.1\org.jetbrains.kotlin\kotlin-stdlib-common\1.7.21\cb02257de8e13e8498f8e2f69f742f2d438e794d\kotlin-stdlib-common-1.7.21.jar;C:\Users\DELL\.gradle\caches\modules-2\files-2.1\org.jetbrains\annotations\13.0\919f0dfe192fb4e063e7dacadee7f8bb9a2672a9\annotations-13.0.jar
Launcher Type: SUN_STANDARD

[Global flags]
     intx CICompilerCount                          = 3                                         {product} {ergonomic}
     uint ConcGCThreads                            = 1                                         {product} {ergonomic}
     uint G1ConcRefinementThreads                  = 4                                         {product} {ergonomic}
   size_t G1HeapRegionSize                         = 1048576                                   {product} {ergonomic}
    uintx GCDrainStackTargetSize                   = 64                                        {product} {ergonomic}
   size_t InitialHeapSize                          = 65011712                                  {product} {ergonomic}
   size_t MarkStackSize                            = 4194304                                   {product} {ergonomic}
   size_t MaxHeapSize                              = 1012924416                                {product} {ergonomic}
   size_t MaxNewSize                               = 607125504                                 {product} {ergonomic}
   size_t MinHeapDeltaBytes                        = 1048576                                   {product} {ergonomic}
   size_t MinHeapSize                              = 8388608                                   {product} {ergonomic}
    uintx NonNMethodCodeHeapSize                   = 5832780                                {pd product} {ergonomic}
    uintx NonProfiledCodeHeapSize                  = 122912730                              {pd product} {ergonomic}
    uintx ProfiledCodeHeapSize                     = 122912730                              {pd product} {ergonomic}
    uintx ReservedCodeCacheSize                    = 251658240                              {pd product} {ergonomic}
     bool SegmentedCodeCache                       = true                                      {product} {ergonomic}
   size_t SoftMaxHeapSize                          = 1012924416                             {manageable} {ergonomic}
     bool UseCompressedClassPointers               = true                           {product lp64_product} {ergonomic}
     bool UseCompressedOops                        = true                           {product lp64_product} {ergonomic}
     bool UseG1GC                                  = true                                      {product} {ergonomic}
     bool UseLargePagesIndividualAllocation        = false                                  {pd product} {ergonomic}

Logging:
Log output configuration:
 #0: stdout all=warning uptime,level,tags
 #1: stderr all=off uptime,level,tags

Environment Variables:
PATH=C:\Program Files\Common Files\Oracle\Java\javapath;C:\WINDOWS\system32;C:\WINDOWS;C:\WINDOWS\System32\Wbem;C:\WINDOWS\System32\WindowsPowerShell\v1.0\;C:\WINDOWS\System32\OpenSSH\;C:\Program Files\MySQL\MySQL Shell 8.0\bin\;C:\Users\DELL\AppData\Local\Programs\Python\Python39\Scripts\;C:\Users\DELL\AppData\Local\Programs\Python\Python39\;C:\Users\DELL\AppData\Local\Microsoft\WindowsApps;C:\Program Files\JetBrains\IntelliJ IDEA Community Edition 2023.2.2\bin;
USERNAME=DELL
OS=Windows_NT
PROCESSOR_IDENTIFIER=Intel64 Family 6 Model 126 Stepping 5, GenuineIntel
TMP=C:\Users\DELL\AppData\Local\Temp
TEMP=C:\Users\DELL\AppData\Local\Temp


JNI global refs:
JNI global refs: 10, weak refs: 11

JNI global refs memory usage: 843, weak refs: 841


---------------  S Y S T E M  ---------------

OS:
 Windows 11 , 64 bit Build 25947 (10.0.25947.1000)
OS uptime: 0 days 8:14 hours
Hyper-V role detected

CPU: total 4 (initial active 4) (2 cores per cpu, 2 threads per core) family 6 model 126 stepping 5 microcode 0xbc, cx8, cmov, fxsr, ht, mmx, 3dnowpref, sse, sse2, sse3, ssse3, sse4.1, sse4.2, popcnt, lzcnt, tsc, tscinvbit, avx, avx2, aes, erms, clmul, bmi1, bmi2, adx, avx512f, avx512dq, avx512cd, avx512bw, avx512vl, sha, fma, vzeroupper, avx512_vpopcntdq, avx512_vpclmulqdq, avx512_vaes, avx512_vnni, clflush, clflushopt, avx512_vbmi2, avx512_vbmi, hv

Memory: 4k page, system-wide physical 3863M (117M free)
TotalPageFile size 15639M (AvailPageFile size 6M)
current process WorkingSet (physical memory assigned to process): 91M, peak: 156M
current process commit charge ("private bytes"): 317M, peak: 317M

vm_info: OpenJDK 64-Bit Server VM (17.0.6+0-b2043.56-10027231) for windows-amd64 JRE (17.0.6+0-b2043.56-10027231), built on Apr 28 2023 00:43:19 by "androidbuild" with MS VC++ 16.10 / 16.11 (VS2019)

END.
